<?xml version="1.0" encoding="UTF-8"?>
<!-- Generated by org.testng.reporters.JUnitReportReporter -->
<testsuite skipped="0" hostname="m-C02S6BX4G8WN" name="com.qa.tests.DemoTest2" tests="4" failures="0" timestamp="16 May 2019 19:23:37 GMT" time="0.001" errors="0">
  <testcase name="Div" time="0.000" classname="com.qa.tests.DemoTest2"/>
  <testcase name="Sub" time="0.001" classname="com.qa.tests.DemoTest2"/>
  <testcase name="Sum" time="0.000" classname="com.qa.tests.DemoTest2"/>
  <testcase name="Multiply" time="0.000" classname="com.qa.tests.DemoTest2"/>
</testsuite> <!-- com.qa.tests.DemoTest2 -->
